{"contracts/Raffle.sol":{"l":{"52":3,"53":3,"54":3,"55":3,"56":3,"57":3,"58":3,"59":3,"63":5,"64":1,"66":4,"67":1,"69":3,"70":3,"84":2,"85":2,"86":2,"87":2,"88":2,"92":1,"93":1,"94":0,"100":1,"101":1,"108":1,"115":0,"116":0,"117":0,"118":0,"119":0,"120":0,"121":0,"122":0,"123":0,"125":0,"129":1,"133":1,"137":0,"141":1,"145":0,"149":0,"153":0,"157":0,"161":11,"165":1,"169":1},"path":"/home/rpigsd/hh-fcc/hardhat-smartcontractLottery/contracts/Raffle.sol","s":{"1":5,"2":4,"3":3,"4":3,"5":2,"6":2,"7":2,"8":2,"9":1,"10":1,"11":1,"12":1,"13":0,"14":0,"15":0,"16":0,"17":0,"18":1,"19":1,"20":0,"21":1,"22":0,"23":0,"24":0,"25":0,"26":11,"27":1,"28":1},"b":{"1":[1,4],"2":[1,3],"3":[0,1],"4":[0,0]},"f":{"1":3,"2":5,"3":2,"4":1,"5":0,"6":1,"7":1,"8":0,"9":1,"10":0,"11":0,"12":0,"13":0,"14":11,"15":1,"16":1},"fnMap":{"1":{"name":"constructor","line":51,"loc":{"start":{"line":44,"column":4},"end":{"line":60,"column":4}}},"2":{"name":"enterRaffle","line":62,"loc":{"start":{"line":62,"column":4},"end":{"line":71,"column":4}}},"3":{"name":"checkUpkeep","line":81,"loc":{"start":{"line":81,"column":4},"end":{"line":89,"column":4}}},"4":{"name":"performUpkeep","line":91,"loc":{"start":{"line":91,"column":4},"end":{"line":109,"column":4}}},"5":{"name":"fulfillRandomWords","line":111,"loc":{"start":{"line":111,"column":4},"end":{"line":126,"column":4}}},"6":{"name":"getEntranceFee","line":128,"loc":{"start":{"line":128,"column":4},"end":{"line":130,"column":4}}},"7":{"name":"getPlayer","line":132,"loc":{"start":{"line":132,"column":4},"end":{"line":134,"column":4}}},"8":{"name":"getRecentWinner","line":136,"loc":{"start":{"line":136,"column":4},"end":{"line":138,"column":4}}},"9":{"name":"getRaffleState","line":140,"loc":{"start":{"line":140,"column":4},"end":{"line":142,"column":4}}},"10":{"name":"getNumWords","line":144,"loc":{"start":{"line":144,"column":4},"end":{"line":146,"column":4}}},"11":{"name":"getNumberOfPlayers","line":148,"loc":{"start":{"line":148,"column":4},"end":{"line":150,"column":4}}},"12":{"name":"getLatestTimeStamp","line":152,"loc":{"start":{"line":152,"column":4},"end":{"line":154,"column":4}}},"13":{"name":"getRequestConfirmations","line":156,"loc":{"start":{"line":156,"column":4},"end":{"line":158,"column":4}}},"14":{"name":"getInterval","line":160,"loc":{"start":{"line":160,"column":4},"end":{"line":162,"column":4}}},"15":{"name":"getCallbackGasLimit","line":164,"loc":{"start":{"line":164,"column":4},"end":{"line":166,"column":4}}},"16":{"name":"getGasLane","line":168,"loc":{"start":{"line":168,"column":4},"end":{"line":170,"column":4}}}},"statementMap":{"1":{"start":{"line":63,"column":8},"end":{"line":63,"column":2228}},"2":{"start":{"line":66,"column":8},"end":{"line":66,"column":2329}},"3":{"start":{"line":69,"column":8},"end":{"line":69,"column":42}},"4":{"start":{"line":70,"column":8},"end":{"line":70,"column":36}},"5":{"start":{"line":84,"column":8},"end":{"line":84,"column":57}},"6":{"start":{"line":85,"column":8},"end":{"line":85,"column":74}},"7":{"start":{"line":86,"column":8},"end":{"line":86,"column":48}},"8":{"start":{"line":87,"column":8},"end":{"line":87,"column":53}},"9":{"start":{"line":92,"column":8},"end":{"line":92,"column":47}},"10":{"start":{"line":93,"column":8},"end":{"line":93,"column":3491}},"11":{"start":{"line":101,"column":8},"end":{"line":101,"column":3751}},"12":{"start":{"line":108,"column":8},"end":{"line":108,"column":45}},"13":{"start":{"line":115,"column":8},"end":{"line":115,"column":65}},"14":{"start":{"line":116,"column":8},"end":{"line":116,"column":63}},"15":{"start":{"line":121,"column":8},"end":{"line":121,"column":78}},"16":{"start":{"line":122,"column":8},"end":{"line":122,"column":4541}},"17":{"start":{"line":125,"column":8},"end":{"line":125,"column":39}},"18":{"start":{"line":129,"column":8},"end":{"line":129,"column":28}},"19":{"start":{"line":133,"column":8},"end":{"line":133,"column":32}},"20":{"start":{"line":137,"column":8},"end":{"line":137,"column":29}},"21":{"start":{"line":141,"column":8},"end":{"line":141,"column":28}},"22":{"start":{"line":145,"column":8},"end":{"line":145,"column":24}},"23":{"start":{"line":149,"column":8},"end":{"line":149,"column":31}},"24":{"start":{"line":153,"column":8},"end":{"line":153,"column":30}},"25":{"start":{"line":157,"column":8},"end":{"line":157,"column":35}},"26":{"start":{"line":161,"column":8},"end":{"line":161,"column":25}},"27":{"start":{"line":165,"column":8},"end":{"line":165,"column":33}},"28":{"start":{"line":169,"column":8},"end":{"line":169,"column":24}}},"branchMap":{"1":{"line":63,"type":"if","locations":[{"start":{"line":63,"column":8},"end":{"line":63,"column":8}},{"start":{"line":63,"column":8},"end":{"line":63,"column":8}}]},"2":{"line":66,"type":"if","locations":[{"start":{"line":66,"column":8},"end":{"line":66,"column":8}},{"start":{"line":66,"column":8},"end":{"line":66,"column":8}}]},"3":{"line":93,"type":"if","locations":[{"start":{"line":93,"column":8},"end":{"line":93,"column":8}},{"start":{"line":93,"column":8},"end":{"line":93,"column":8}}]},"4":{"line":122,"type":"if","locations":[{"start":{"line":122,"column":8},"end":{"line":122,"column":8}},{"start":{"line":122,"column":8},"end":{"line":122,"column":8}}]}}},"contracts/tests/VRFCoordinatorV2Mock.sol":{"l":{},"path":"/home/rpigsd/hh-fcc/hardhat-smartcontractLottery/contracts/tests/VRFCoordinatorV2Mock.sol","s":{},"b":{},"f":{},"fnMap":{},"statementMap":{},"branchMap":{}}}